:compileJava UP-TO-DATE
:processResources UP-TO-DATE
:classes UP-TO-DATE
:findMainClass
:run

  .   ____          _            __ _ _
 /\\ / ___'_ __ _ _(_)_ __  __ _ \ \ \ \
( ( )\___ | '_ | '_| | '_ \/ _` | \ \ \ \
 \\/  ___)| |_)| | | | | || (_| |  ) ) ) )
  '  |____| .__|_| |_|_| |_\__, | / / / /
 =========|_|==============|___/=/_/_/_/
 :: Spring Boot ::        (v1.2.1.RELEASE)

2015-03-03 19:00:50.367  INFO 5924 --- [           main] A1.ModApplication                        : Starting ModApplication on Megh07Na with PID 5924 (C:\Users\Meghana\IdeaProjects\273-Assignment1\build\classes\main started by Meghana in C:\Users\Meghana\IdeaProjects\273-Assignment1)
2015-03-03 19:00:50.436  INFO 5924 --- [           main] ationConfigEmbeddedWebApplicationContext : Refreshing org.springframework.boot.context.embedded.AnnotationConfigEmbeddedWebApplicationContext@4d8e5d82: startup date [Tue Mar 03 19:00:50 PST 2015]; root of context hierarchy
2015-03-03 19:00:51.152  INFO 5924 --- [           main] o.s.b.f.s.DefaultListableBeanFactory     : Overriding bean definition for bean 'beanNameViewResolver': replacing [Root bean: class [null]; scope=; abstract=false; lazyInit=false; autowireMode=3; dependencyCheck=0; autowireCandidate=true; primary=false; factoryBeanName=org.springframework.boot.autoconfigure.web.ErrorMvcAutoConfiguration$WhitelabelErrorViewConfiguration; factoryMethodName=beanNameViewResolver; initMethodName=null; destroyMethodName=(inferred); defined in class path resource [org/springframework/boot/autoconfigure/web/ErrorMvcAutoConfiguration$WhitelabelErrorViewConfiguration.class]] with [Root bean: class [null]; scope=; abstract=false; lazyInit=false; autowireMode=3; dependencyCheck=0; autowireCandidate=true; primary=false; factoryBeanName=org.springframework.boot.autoconfigure.web.WebMvcAutoConfiguration$WebMvcAutoConfigurationAdapter; factoryMethodName=beanNameViewResolver; initMethodName=null; destroyMethodName=(inferred); defined in class path resource [org/springframework/boot/autoconfigure/web/WebMvcAutoConfiguration$WebMvcAutoConfigurationAdapter.class]]
2015-03-03 19:00:51.978  INFO 5924 --- [           main] s.b.c.e.t.TomcatEmbeddedServletContainer : Tomcat initialized with port(s): 8080 (http)
2015-03-03 19:00:52.213  INFO 5924 --- [           main] o.apache.catalina.core.StandardService   : Starting service Tomcat
2015-03-03 19:00:52.214  INFO 5924 --- [           main] org.apache.catalina.core.StandardEngine  : Starting Servlet Engine: Apache Tomcat/8.0.15
2015-03-03 19:00:52.453  INFO 5924 --- [ost-startStop-1] o.a.c.c.C.[Tomcat].[localhost].[/]       : Initializing Spring embedded WebApplicationContext
2015-03-03 19:00:52.453  INFO 5924 --- [ost-startStop-1] o.s.web.context.ContextLoader            : Root WebApplicationContext: initialization completed in 2020 ms
2015-03-03 19:00:53.350 ERROR 5924 --- [ost-startStop-1] o.s.b.c.embedded.tomcat.TomcatStarter    : Error starting Tomcat context: org.springframework.beans.factory.BeanCreationException
2015-03-03 19:00:53.360  WARN 5924 --- [           main] ationConfigEmbeddedWebApplicationContext : Exception encountered during context initialization - cancelling refresh attempt

org.springframework.context.ApplicationContextException: Unable to start embedded container; nested exception is org.springframework.boot.context.embedded.EmbeddedServletContainerException: Unable to start embedded Tomcat
	at org.springframework.boot.context.embedded.EmbeddedWebApplicationContext.onRefresh(EmbeddedWebApplicationContext.java:133)
	at org.springframework.context.support.AbstractApplicationContext.refresh(AbstractApplicationContext.java:474)
	at org.springframework.boot.context.embedded.EmbeddedWebApplicationContext.refresh(EmbeddedWebApplicationContext.java:118)
	at org.springframework.boot.SpringApplication.refresh(SpringApplication.java:691)
	at org.springframework.boot.SpringApplication.run(SpringApplication.java:321)
	at org.springframework.boot.SpringApplication.run(SpringApplication.java:961)
	at org.springframework.boot.SpringApplication.run(SpringApplication.java:950)
	at A1.ModApplication.main(ModApplication.java:14)
Caused by: org.springframework.boot.context.embedded.EmbeddedServletContainerException: Unable to start embedded Tomcat
	at org.springframework.boot.context.embedded.tomcat.TomcatEmbeddedServletContainer.initialize(TomcatEmbeddedServletContainer.java:98)
	at org.springframework.boot.context.embedded.tomcat.TomcatEmbeddedServletContainer.<init>(TomcatEmbeddedServletContainer.java:75)
	at org.springframework.boot.context.embedded.tomcat.TomcatEmbeddedServletContainerFactory.getTomcatEmbeddedServletContainer(TomcatEmbeddedServletContainerFactory.java:378)
	at org.springframework.boot.context.embedded.tomcat.TomcatEmbeddedServletContainerFactory.getEmbeddedServletContainer(TomcatEmbeddedServletContainerFactory.java:155)
	at org.springframework.boot.context.embedded.EmbeddedWebApplicationContext.createEmbeddedServletContainer(EmbeddedWebApplicationContext.java:157)
	at org.springframework.boot.context.embedded.EmbeddedWebApplicationContext.onRefresh(EmbeddedWebApplicationContext.java:130)
	... 7 common frames omitted
Caused by: org.springframework.beans.factory.BeanCreationException: Error creating bean with name 'springSecurityFilterChain' defined in class path resource [org/springframework/security/config/annotation/web/configuration/WebSecurityConfiguration.class]: Bean instantiation via factory method failed; nested exception is org.springframework.beans.BeanInstantiationException: Failed to instantiate [javax.servlet.Filter]: Factory method 'springSecurityFilterChain' threw exception; nested exception is java.lang.IllegalArgumentException: Cannot pass a null GrantedAuthority collection
	at org.springframework.beans.factory.support.ConstructorResolver.instantiateUsingFactoryMethod(ConstructorResolver.java:599)
	at org.springframework.beans.factory.support.AbstractAutowireCapableBeanFactory.instantiateUsingFactoryMethod(AbstractAutowireCapableBeanFactory.java:1111)
	at org.springframework.beans.factory.support.AbstractAutowireCapableBeanFactory.createBeanInstance(AbstractAutowireCapableBeanFactory.java:1006)
	at org.springframework.beans.factory.support.AbstractAutowireCapableBeanFactory.doCreateBean(AbstractAutowireCapableBeanFactory.java:504)
	at org.springframework.beans.factory.support.AbstractAutowireCapableBeanFactory.createBean(AbstractAutowireCapableBeanFactory.java:476)
	at org.springframework.beans.factory.support.AbstractBeanFactory$1.getObject(AbstractBeanFactory.java:303)
	at org.springframework.beans.factory.support.DefaultSingletonBeanRegistry.getSingleton(DefaultSingletonBeanRegistry.java:230)
	at org.springframework.beans.factory.support.AbstractBeanFactory.doGetBean(AbstractBeanFactory.java:299)
	at org.springframework.beans.factory.support.AbstractBeanFactory.getBean(AbstractBeanFactory.java:199)
	at org.springframework.boot.context.embedded.ServletContextInitializerBeans.getOrderedBeansOfType(ServletContextInitializerBeans.java:176)
	at org.springframework.boot.context.embedded.ServletContextInitializerBeans.addAsRegistrationBean(ServletContextInitializerBeans.java:141)
	at org.springframework.boot.context.embedded.ServletContextInitializerBeans.addAsRegistrationBean(ServletContextInitializerBeans.java:136)
	at org.springframework.boot.context.embedded.ServletContextInitializerBeans.addAdaptableBeans(ServletContextInitializerBeans.java:119)
	at org.springframework.boot.context.embedded.ServletContextInitializerBeans.<init>(ServletContextInitializerBeans.java:69)
	at org.springframework.boot.context.embedded.EmbeddedWebApplicationContext.getServletContextInitializerBeans(EmbeddedWebApplicationContext.java:233)
	at org.springframework.boot.context.embedded.EmbeddedWebApplicationContext.selfInitialize(EmbeddedWebApplicationContext.java:221)
	at org.springframework.boot.context.embedded.EmbeddedWebApplicationContext.access$000(EmbeddedWebApplicationContext.java:84)
	at org.springframework.boot.context.embedded.EmbeddedWebApplicationContext$1.onStartup(EmbeddedWebApplicationContext.java:206)
	at org.springframework.boot.context.embedded.tomcat.TomcatStarter.onStartup(TomcatStarter.java:54)
	at org.apache.catalina.core.StandardContext.startInternal(StandardContext.java:5185)
	at org.apache.catalina.util.LifecycleBase.start(LifecycleBase.java:150)
	at org.apache.catalina.core.ContainerBase$StartChild.call(ContainerBase.java:1409)
	at org.apache.catalina.core.ContainerBase$StartChild.call(ContainerBase.java:1399)
	at java.util.concurrent.FutureTask.run(FutureTask.java:262)
	at java.util.concurrent.ThreadPoolExecutor.runWorker(ThreadPoolExecutor.java:1145)
	at java.util.concurrent.ThreadPoolExecutor$Worker.run(ThreadPoolExecutor.java:615)
	at java.lang.Thread.run(Thread.java:745)
Caused by: org.springframework.beans.BeanInstantiationException: Failed to instantiate [javax.servlet.Filter]: Factory method 'springSecurityFilterChain' threw exception; nested exception is java.lang.IllegalArgumentException: Cannot pass a null GrantedAuthority collection
	at org.springframework.beans.factory.support.SimpleInstantiationStrategy.instantiate(SimpleInstantiationStrategy.java:189)
	at org.springframework.beans.factory.support.ConstructorResolver.instantiateUsingFactoryMethod(ConstructorResolver.java:588)
	... 26 common frames omitted
Caused by: java.lang.IllegalArgumentException: Cannot pass a null GrantedAuthority collection
	at org.springframework.util.Assert.notNull(Assert.java:112)
	at org.springframework.security.core.userdetails.User.sortAuthorities(User.java:146)
	at org.springframework.security.core.userdetails.User.<init>(User.java:108)
	at org.springframework.security.config.annotation.authentication.configurers.provisioning.UserDetailsManagerConfigurer$UserDetailsBuilder.build(UserDetailsManagerConfigurer.java:259)
	at org.springframework.security.config.annotation.authentication.configurers.provisioning.UserDetailsManagerConfigurer$UserDetailsBuilder.access$000(UserDetailsManagerConfigurer.java:86)
	at org.springframework.security.config.annotation.authentication.configurers.provisioning.UserDetailsManagerConfigurer.initUserDetailsService(UserDetailsManagerConfigurer.java:61)
	at org.springframework.security.config.annotation.authentication.configurers.userdetails.UserDetailsServiceConfigurer.configure(UserDetailsServiceConfigurer.java:48)
	at org.springframework.security.config.annotation.authentication.configurers.userdetails.UserDetailsServiceConfigurer.configure(UserDetailsServiceConfigurer.java:33)
	at org.springframework.security.config.annotation.AbstractConfiguredSecurityBuilder.configure(AbstractConfiguredSecurityBuilder.java:376)
	at org.springframework.security.config.annotation.AbstractConfiguredSecurityBuilder.doBuild(AbstractConfiguredSecurityBuilder.java:325)
	at org.springframework.security.config.annotation.AbstractSecurityBuilder.build(AbstractSecurityBuilder.java:39)
	at org.springframework.security.config.annotation.authentication.configuration.AuthenticationConfiguration.getAuthenticationManager(AuthenticationConfiguration.java:78)
	at org.springframework.security.config.annotation.web.configuration.WebSecurityConfigurerAdapter.authenticationManager(WebSecurityConfigurerAdapter.java:236)
	at org.springframework.security.config.annotation.web.configuration.WebSecurityConfigurerAdapter.getHttp(WebSecurityConfigurerAdapter.java:178)
	at org.springframework.security.config.annotation.web.configuration.WebSecurityConfigurerAdapter.init(WebSecurityConfigurerAdapter.java:283)
	at org.springframework.security.config.annotation.web.configuration.WebSecurityConfigurerAdapter.init(WebSecurityConfigurerAdapter.java:68)
	at A1.BasicAuth$$EnhancerBySpringCGLIB$$73baaa4f.init(<generated>)
	at org.springframework.security.config.annotation.AbstractConfiguredSecurityBuilder.init(AbstractConfiguredSecurityBuilder.java:367)
	at org.springframework.security.config.annotation.AbstractConfiguredSecurityBuilder.doBuild(AbstractConfiguredSecurityBuilder.java:320)
	at org.springframework.security.config.annotation.AbstractSecurityBuilder.build(AbstractSecurityBuilder.java:39)
	at org.springframework.security.config.annotation.web.configuration.WebSecurityConfiguration.springSecurityFilterChain(WebSecurityConfiguration.java:92)
	at org.springframework.security.config.annotation.web.configuration.WebSecurityConfiguration$$EnhancerBySpringCGLIB$$1cde3fa5.CGLIB$springSecurityFilterChain$0(<generated>)
	at org.springframework.security.config.annotation.web.configuration.WebSecurityConfiguration$$EnhancerBySpringCGLIB$$1cde3fa5$$FastClassBySpringCGLIB$$d616e6c5.invoke(<generated>)
	at org.springframework.cglib.proxy.MethodProxy.invokeSuper(MethodProxy.java:228)
	at org.springframework.context.annotation.ConfigurationClassEnhancer$BeanMethodInterceptor.intercept(ConfigurationClassEnhancer.java:309)
	at org.springframework.security.config.annotation.web.configuration.WebSecurityConfiguration$$EnhancerBySpringCGLIB$$1cde3fa5.springSecurityFilterChain(<generated>)
	at sun.reflect.NativeMethodAccessorImpl.invoke0(Native Method)
	at sun.reflect.NativeMethodAccessorImpl.invoke(NativeMethodAccessorImpl.java:57)
	at sun.reflect.DelegatingMethodAccessorImpl.invoke(DelegatingMethodAccessorImpl.java:43)
	at java.lang.reflect.Method.invoke(Method.java:606)
	at org.springframework.beans.factory.support.SimpleInstantiationStrategy.instantiate(SimpleInstantiationStrategy.java:162)
	... 27 common frames omitted

2015-03-03 19:00:53.364  INFO 5924 --- [           main] .b.l.ClasspathLoggingApplicationListener : Application failed to start with classpath: [file:/C:/Users/Meghana/IdeaProjects/273-Assignment1/build/classes/main/, file:/C:/Users/Meghana/IdeaProjects/273-Assignment1/build/resources/main, file:/C:/Users/Meghana/.gradle/caches/modules-2/files-2.1/org.springframework.boot/spring-boot-starter-web/1.2.1.RELEASE/23ff0103b230852dd27b51cb60bf9dd38766145c/spring-boot-starter-web-1.2.1.RELEASE.jar, file:/C:/Users/Meghana/.gradle/caches/modules-2/files-2.1/org.webjars/bootstrap/3.1.1/a11ab29de60b76fa111a2ca583de57abdbbcad26/bootstrap-3.1.1.jar, file:/C:/Users/Meghana/.gradle/caches/modules-2/files-2.1/org.springframework.boot/spring-boot-starter-security/1.2.1.RELEASE/1a45b54947824d4d4c469dbd621d6f24be53183d/spring-boot-starter-security-1.2.1.RELEASE.jar, file:/C:/Users/Meghana/.gradle/caches/modules-2/files-2.1/org.springframework.boot/spring-boot-starter/1.2.1.RELEASE/fcb4b0e9a6b0e3627e9c9ea1376780a8ed7afe1e/spring-boot-starter-1.2.1.RELEASE.jar, file:/C:/Users/Meghana/.gradle/caches/modules-2/files-2.1/org.springframework.boot/spring-boot-starter-tomcat/1.2.1.RELEASE/6ac1b8b2dd021d499cffbd9924517cb70d92a657/spring-boot-starter-tomcat-1.2.1.RELEASE.jar, file:/C:/Users/Meghana/.gradle/caches/modules-2/files-2.1/com.fasterxml.jackson.core/jackson-databind/2.4.4/e2ff13c3de2f5a2ab2449a3dace2b0d1c37bd8ee/jackson-databind-2.4.4.jar, file:/C:/Users/Meghana/.gradle/caches/modules-2/files-2.1/org.hibernate/hibernate-validator/5.1.3.Final/334d46a93cf095160ce06d8382594b904933c808/hibernate-validator-5.1.3.Final.jar, file:/C:/Users/Meghana/.gradle/caches/modules-2/files-2.1/org.springframework/spring-core/4.1.4.RELEASE/8df582421867cf7298658e00cd2e9e460b697b05/spring-core-4.1.4.RELEASE.jar, file:/C:/Users/Meghana/.gradle/caches/modules-2/files-2.1/org.springframework/spring-web/4.1.4.RELEASE/7404de727a6b07634b55e9b7788e89cb76785932/spring-web-4.1.4.RELEASE.jar, file:/C:/Users/Meghana/.gradle/caches/modules-2/files-2.1/org.springframework/spring-webmvc/4.1.4.RELEASE/77c2be19c80bc4b73c7edcafaff6c3d1babea103/spring-webmvc-4.1.4.RELEASE.jar, file:/C:/Users/Meghana/.gradle/caches/modules-2/files-2.1/org.webjars/jquery/1.9.0/b17a8a51561058eae4199a5d7d835144a03a3aeb/jquery-1.9.0.jar, file:/C:/Users/Meghana/.gradle/caches/modules-2/files-2.1/org.springframework/spring-beans/4.1.4.RELEASE/b4f08e061c28636c0d434a74554c958457602b3/spring-beans-4.1.4.RELEASE.jar, file:/C:/Users/Meghana/.gradle/caches/modules-2/files-2.1/org.springframework/spring-context/4.1.4.RELEASE/5c66d0962e89ee577627a526b6b299a5337072be/spring-context-4.1.4.RELEASE.jar, file:/C:/Users/Meghana/.gradle/caches/modules-2/files-2.1/org.springframework/spring-expression/4.1.4.RELEASE/89109bc913900ceff3107ad66edb60d1acb3aed2/spring-expression-4.1.4.RELEASE.jar, file:/C:/Users/Meghana/.gradle/caches/modules-2/files-2.1/org.springframework.security/spring-security-config/3.2.5.RELEASE/1286983a3ad4549d7f7fd0f3784e747667b44b70/spring-security-config-3.2.5.RELEASE.jar, file:/C:/Users/Meghana/.gradle/caches/modules-2/files-2.1/org.springframework.security/spring-security-web/3.2.5.RELEASE/47624ce0bca40bac9a64276ed36d67be11f133b8/spring-security-web-3.2.5.RELEASE.jar, file:/C:/Users/Meghana/.gradle/caches/modules-2/files-2.1/org.springframework/spring-aop/4.1.4.RELEASE/c5f571fde64271ac0791d538ee158cb473b1b80a/spring-aop-4.1.4.RELEASE.jar, file:/C:/Users/Meghana/.gradle/caches/modules-2/files-2.1/org.springframework.boot/spring-boot/1.2.1.RELEASE/efe81809343f4fca576ea872eb6a269599ebb1d0/spring-boot-1.2.1.RELEASE.jar, file:/C:/Users/Meghana/.gradle/caches/modules-2/files-2.1/org.springframework.boot/spring-boot-autoconfigure/1.2.1.RELEASE/3f3b23d1cc920614d65b239c059425e858cc8417/spring-boot-autoconfigure-1.2.1.RELEASE.jar, file:/C:/Users/Meghana/.gradle/caches/modules-2/files-2.1/org.springframework.boot/spring-boot-starter-logging/1.2.1.RELEASE/2e2572e2d1a3b845a9172f5d7bc338e105a9bded/spring-boot-starter-logging-1.2.1.RELEASE.jar, file:/C:/Users/Meghana/.gradle/caches/modules-2/files-2.1/org.yaml/snakeyaml/1.14/c2df91929ed06a25001939929bff5120e0ea3fd4/snakeyaml-1.14.jar, file:/C:/Users/Meghana/.gradle/caches/modules-2/files-2.1/org.apache.tomcat.embed/tomcat-embed-core/8.0.15/acb0a3c681ee04cc5e391784263c1e636c65bbac/tomcat-embed-core-8.0.15.jar, file:/C:/Users/Meghana/.gradle/caches/modules-2/files-2.1/org.apache.tomcat.embed/tomcat-embed-el/8.0.15/e228eb4dc0cfa1d116f0b1b2bb8185556cb1a9b/tomcat-embed-el-8.0.15.jar, file:/C:/Users/Meghana/.gradle/caches/modules-2/files-2.1/org.apache.tomcat.embed/tomcat-embed-logging-juli/8.0.15/a93593a43f0df8ac14acd43c3ee2ec3f0cfd587d/tomcat-embed-logging-juli-8.0.15.jar, file:/C:/Users/Meghana/.gradle/caches/modules-2/files-2.1/org.apache.tomcat.embed/tomcat-embed-websocket/8.0.15/25b151fade3315279a07b020cb42c1af95ff366b/tomcat-embed-websocket-8.0.15.jar, file:/C:/Users/Meghana/.gradle/caches/modules-2/files-2.1/com.fasterxml.jackson.core/jackson-annotations/2.4.0/d6a66c7a5f01cf500377bd669507a08cfeba882a/jackson-annotations-2.4.0.jar, file:/C:/Users/Meghana/.gradle/caches/modules-2/files-2.1/com.fasterxml.jackson.core/jackson-core/2.4.4/c5cd3347c0a86d0dcfbf3da593d8431d5a789d54/jackson-core-2.4.4.jar, file:/C:/Users/Meghana/.gradle/caches/modules-2/files-2.1/javax.validation/validation-api/1.1.0.Final/8613ae82954779d518631e05daa73a6a954817d5/validation-api-1.1.0.Final.jar, file:/C:/Users/Meghana/.gradle/caches/modules-2/files-2.1/org.jboss.logging/jboss-logging/3.1.3.GA/64499e907f19e5e1b3fdc02f81440c1832fe3545/jboss-logging-3.1.3.GA.jar, file:/C:/Users/Meghana/.gradle/caches/modules-2/files-2.1/com.fasterxml/classmate/1.0.0/434efef28c81162b17c540e634cffa3bd9b09b4c/classmate-1.0.0.jar, file:/C:/Users/Meghana/.gradle/caches/modules-2/files-2.1/aopalliance/aopalliance/1.0/235ba8b489512805ac13a8f9ea77a1ca5ebe3e8/aopalliance-1.0.jar, file:/C:/Users/Meghana/.gradle/caches/modules-2/files-2.1/org.springframework.security/spring-security-core/3.2.5.RELEASE/d5db43e696a02186ab7e18f8c9d99afbde94bd77/spring-security-core-3.2.5.RELEASE.jar, file:/C:/Users/Meghana/.gradle/caches/modules-2/files-2.1/org.slf4j/jcl-over-slf4j/1.7.8/c255c29d154eb7d6f0e34f9e04e653b00019cd42/jcl-over-slf4j-1.7.8.jar, file:/C:/Users/Meghana/.gradle/caches/modules-2/files-2.1/org.slf4j/jul-to-slf4j/1.7.8/1dced0531ac0db5047fd9145e02e86733a2ad37f/jul-to-slf4j-1.7.8.jar, file:/C:/Users/Meghana/.gradle/caches/modules-2/files-2.1/org.slf4j/log4j-over-slf4j/1.7.8/798084c89a457374619edbcb2113be96123c3f74/log4j-over-slf4j-1.7.8.jar, file:/C:/Users/Meghana/.gradle/caches/modules-2/files-2.1/ch.qos.logback/logback-classic/1.1.2/b316e9737eea25e9ddd6d88eaeee76878045c6b2/logback-classic-1.1.2.jar, file:/C:/Users/Meghana/.gradle/caches/modules-2/files-2.1/org.slf4j/slf4j-api/1.7.8/40d4abec9e853fd9f17fb144f1e7c2c5bab52af9/slf4j-api-1.7.8.jar, file:/C:/Users/Meghana/.gradle/caches/modules-2/files-2.1/ch.qos.logback/logback-core/1.1.2/2d23694879c2c12f125dac5076bdfd5d771cc4cb/logback-core-1.1.2.jar]
2015-03-03 19:00:53.375 ERROR 5924 --- [           main] o.s.boot.SpringApplication               : Application startup failed

org.springframework.context.ApplicationContextException: Unable to start embedded container; nested exception is org.springframework.boot.context.embedded.EmbeddedServletContainerException: Unable to start embedded Tomcat
	at org.springframework.boot.context.embedded.EmbeddedWebApplicationContext.onRefresh(EmbeddedWebApplicationContext.java:133)
	at org.springframework.context.support.AbstractApplicationContext.refresh(AbstractApplicationContext.java:474)
	at org.springframework.boot.context.embedded.EmbeddedWebApplicationContext.refresh(EmbeddedWebApplicationContext.java:118)
	at org.springframework.boot.SpringApplication.refresh(SpringApplication.java:691)
	at org.springframework.boot.SpringApplication.run(SpringApplication.java:321)
	at org.springframework.boot.SpringApplication.run(SpringApplication.java:961)
	at org.springframework.boot.SpringApplication.run(SpringApplication.java:950)
	at A1.ModApplication.main(ModApplication.java:14)
Caused by: org.springframework.boot.context.embedded.EmbeddedServletContainerException: Unable to start embedded Tomcat
	at org.springframework.boot.context.embedded.tomcat.TomcatEmbeddedServletContainer.initialize(TomcatEmbeddedServletContainer.java:98)
	at org.springframework.boot.context.embedded.tomcat.TomcatEmbeddedServletContainer.<init>(TomcatEmbeddedServletContainer.java:75)
	at org.springframework.boot.context.embedded.tomcat.TomcatEmbeddedServletContainerFactory.getTomcatEmbeddedServletContainer(TomcatEmbeddedServletContainerFactory.java:378)
	at org.springframework.boot.context.embedded.tomcat.TomcatEmbeddedServletContainerFactory.getEmbeddedServletContainer(TomcatEmbeddedServletContainerFactory.java:155)
	at org.springframework.boot.context.embedded.EmbeddedWebApplicationContext.createEmbeddedServletContainer(EmbeddedWebApplicationContext.java:157)
	at org.springframework.boot.context.embedded.EmbeddedWebApplicationContext.onRefresh(EmbeddedWebApplicationContext.java:130)
	... 7 common frames omitted
Caused by: org.springframework.beans.factory.BeanCreationException: Error creating bean with name 'springSecurityFilterChain' defined in class path resource [org/springframework/security/config/annotation/web/configuration/WebSecurityConfiguration.class]: Bean instantiation via factory method failed; nested exception is org.springframework.beans.BeanInstantiationException: Failed to instantiate [javax.servlet.Filter]: Factory method 'springSecurityFilterChain' threw exception; nested exception is java.lang.IllegalArgumentException: Cannot pass a null GrantedAuthority collection
	at org.springframework.beans.factory.support.ConstructorResolver.instantiateUsingFactoryMethod(ConstructorResolver.java:599)
	at org.springframework.beans.factory.support.AbstractAutowireCapableBeanFactory.instantiateUsingFactoryMethod(AbstractAutowireCapableBeanFactory.java:1111)
	at org.springframework.beans.factory.support.AbstractAutowireCapableBeanFactory.createBeanInstance(AbstractAutowireCapableBeanFactory.java:1006)
	at org.springframework.beans.factory.support.AbstractAutowireCapableBeanFactory.doCreateBean(AbstractAutowireCapableBeanFactory.java:504)
	at org.springframework.beans.factory.support.AbstractAutowireCapableBeanFactory.createBean(AbstractAutowireCapableBeanFactory.java:476)
	at org.springframework.beans.factory.support.AbstractBeanFactory$1.getObject(AbstractBeanFactory.java:303)
	at org.springframework.beans.factory.support.DefaultSingletonBeanRegistry.getSingleton(DefaultSingletonBeanRegistry.java:230)
	at org.springframework.beans.factory.support.AbstractBeanFactory.doGetBean(AbstractBeanFactory.java:299)
	at org.springframework.beans.factory.support.AbstractBeanFactory.getBean(AbstractBeanFactory.java:199)
	at org.springframework.boot.context.embedded.ServletContextInitializerBeans.getOrderedBeansOfType(ServletContextInitializerBeans.java:176)
	at org.springframework.boot.context.embedded.ServletContextInitializerBeans.addAsRegistrationBean(ServletContextInitializerBeans.java:141)
	at org.springframework.boot.context.embedded.ServletContextInitializerBeans.addAsRegistrationBean(ServletContextInitializerBeans.java:136)
	at org.springframework.boot.context.embedded.ServletContextInitializerBeans.addAdaptableBeans(ServletContextInitializerBeans.java:119)
	at org.springframework.boot.context.embedded.ServletContextInitializerBeans.<init>(ServletContextInitializerBeans.java:69)
	at org.springframework.boot.context.embedded.EmbeddedWebApplicationContext.getServletContextInitializerBeans(EmbeddedWebApplicationContext.java:233)
	at org.springframework.boot.context.embedded.EmbeddedWebApplicationContext.selfInitialize(EmbeddedWebApplicationContext.java:221)
	at org.springframework.boot.context.embedded.EmbeddedWebApplicationContext.access$000(EmbeddedWebApplicationContext.java:84)
	at org.springframework.boot.context.embedded.EmbeddedWebApplicationContext$1.onStartup(EmbeddedWebApplicationContext.java:206)
	at org.springframework.boot.context.embedded.tomcat.TomcatStarter.onStartup(TomcatStarter.java:54)
	at org.apache.catalina.core.StandardContext.startInternal(StandardContext.java:5185)
	at org.apache.catalina.util.LifecycleBase.start(LifecycleBase.java:150)
	at org.apache.catalina.core.ContainerBase$StartChild.call(ContainerBase.java:1409)
	at org.apache.catalina.core.ContainerBase$StartChild.call(ContainerBase.java:1399)
	at java.util.concurrent.FutureTask.run(FutureTask.java:262)
	at java.util.concurrent.ThreadPoolExecutor.runWorker(ThreadPoolExecutor.java:1145)
	at java.util.concurrent.ThreadPoolExecutor$Worker.run(ThreadPoolExecutor.java:615)
	at java.lang.Thread.run(Thread.java:745)
Caused by: org.springframework.beans.BeanInstantiationException: Failed to instantiate [javax.servlet.Filter]: Factory method 'springSecurityFilterChain' threw exception; nested exception is java.lang.IllegalArgumentException: Cannot pass a null GrantedAuthority collection
	at org.springframework.beans.factory.support.SimpleInstantiationStrategy.instantiate(SimpleInstantiationStrategy.java:189)
	at org.springframework.beans.factory.support.ConstructorResolver.instantiateUsingFactoryMethod(ConstructorResolver.java:588)
	... 26 common frames omitted
Caused by: java.lang.IllegalArgumentException: Cannot pass a null GrantedAuthority collection
	at org.springframework.util.Assert.notNull(Assert.java:112)
	at org.springframework.security.core.userdetails.User.sortAuthorities(User.java:146)
	at org.springframework.security.core.userdetails.User.<init>(User.java:108)
	at org.springframework.security.config.annotation.authentication.configurers.provisioning.UserDetailsManagerConfigurer$UserDetailsBuilder.build(UserDetailsManagerConfigurer.java:259)
	at org.springframework.security.config.annotation.authentication.configurers.provisioning.UserDetailsManagerConfigurer$UserDetailsBuilder.access$000(UserDetailsManagerConfigurer.java:86)
	at org.springframework.security.config.annotation.authentication.configurers.provisioning.UserDetailsManagerConfigurer.initUserDetailsService(UserDetailsManagerConfigurer.java:61)
	at org.springframework.security.config.annotation.authentication.configurers.userdetails.UserDetailsServiceConfigurer.configure(UserDetailsServiceConfigurer.java:48)
	at org.springframework.security.config.annotation.authentication.configurers.userdetails.UserDetailsServiceConfigurer.configure(UserDetailsServiceConfigurer.java:33)
	at org.springframework.security.config.annotation.AbstractConfiguredSecurityBuilder.configure(AbstractConfiguredSecurityBuilder.java:376)
	at org.springframework.security.config.annotation.AbstractConfiguredSecurityBuilder.doBuild(AbstractConfiguredSecurityBuilder.java:325)
	at org.springframework.security.config.annotation.AbstractSecurityBuilder.build(AbstractSecurityBuilder.java:39)
	at org.springframework.security.config.annotation.authentication.configuration.AuthenticationConfiguration.getAuthenticationManager(AuthenticationConfiguration.java:78)
	at org.springframework.security.config.annotation.web.configuration.WebSecurityConfigurerAdapter.authenticationManager(WebSecurityConfigurerAdapter.java:236)
	at org.springframework.security.config.annotation.web.configuration.WebSecurityConfigurerAdapter.getHttp(WebSecurityConfigurerAdapter.java:178)
	at org.springframework.security.config.annotation.web.configuration.WebSecurityConfigurerAdapter.init(WebSecurityConfigurerAdapter.java:283)
	at org.springframework.security.config.annotation.web.configuration.WebSecurityConfigurerAdapter.init(WebSecurityConfigurerAdapter.java:68)
	at A1.BasicAuth$$EnhancerBySpringCGLIB$$73baaa4f.init(<generated>)
	at org.springframework.security.config.annotation.AbstractConfiguredSecurityBuilder.init(AbstractConfiguredSecurityBuilder.java:367)
	at org.springframework.security.config.annotation.AbstractConfiguredSecurityBuilder.doBuild(AbstractConfiguredSecurityBuilder.java:320)
	at org.springframework.security.config.annotation.AbstractSecurityBuilder.build(AbstractSecurityBuilder.java:39)
	at org.springframework.security.config.annotation.web.configuration.WebSecurityConfiguration.springSecurityFilterChain(WebSecurityConfiguration.java:92)
	at org.springframework.security.config.annotation.web.configuration.WebSecurityConfiguration$$EnhancerBySpringCGLIB$$1cde3fa5.CGLIB$springSecurityFilterChain$0(<generated>)
	at org.springframework.security.config.annotation.web.configuration.WebSecurityConfiguration$$EnhancerBySpringCGLIB$$1cde3fa5$$FastClassBySpringCGLIB$$d616e6c5.invoke(<generated>)
	at org.springframework.cglib.proxy.MethodProxy.invokeSuper(MethodProxy.java:228)
	at org.springframework.context.annotation.ConfigurationClassEnhancer$BeanMethodInterceptor.intercept(ConfigurationClassEnhancer.java:309)
	at org.springframework.security.config.annotation.web.configuration.WebSecurityConfiguration$$EnhancerBySpringCGLIB$$1cde3fa5.springSecurityFilterChain(<generated>)
	at sun.reflect.NativeMethodAccessorImpl.invoke0(Native Method)
	at sun.reflect.NativeMethodAccessorImpl.invoke(NativeMethodAccessorImpl.java:57)
	at sun.reflect.DelegatingMethodAccessorImpl.invoke(DelegatingMethodAccessorImpl.java:43)
	at java.lang.reflect.Method.invoke(Method.java:606)
	at org.springframework.beans.factory.support.SimpleInstantiationStrategy.instantiate(SimpleInstantiationStrategy.java:162)
	... 27 common frames omitted

:run FAILED

BUILD FAILED

Total time: 9.404 secs
